0 verbose cli C:\Program Files\nodejs\node.exe C:\Program Files\nodejs\node_modules\npm\bin\npm-cli.js
1 info using npm@10.5.0
2 info using node@v21.7.1
3 timing npm:load:whichnode Completed in 4ms
4 timing config:load:defaults Completed in 5ms
5 timing config:load:file:C:\Program Files\nodejs\node_modules\npm\npmrc Completed in 7ms
6 timing config:load:builtin Completed in 7ms
7 timing config:load:cli Completed in 3ms
8 timing config:load:env Completed in 1ms
9 timing config:load:file:C:\wamp64\www\nextjs-dashboard\.npmrc Completed in 1ms
10 timing config:load:project Completed in 3ms
11 timing config:load:file:C:\Users\Chintan Undhad\.npmrc Completed in 1ms
12 timing config:load:user Completed in 1ms
13 timing config:load:file:C:\wamp64\www\nextjs-dashboard\AppData\Roaming\npm\etc\npmrc Completed in 1ms
14 timing config:load:global Completed in 1ms
15 timing config:load:setEnvs Completed in 2ms
16 timing config:load Completed in 24ms
17 timing npm:load:configload Completed in 25ms
18 timing config:load:flatten Completed in 5ms
19 timing npm:load:mkdirpcache Completed in 1ms
20 timing npm:load:mkdirplogs Completed in 1ms
21 verbose title npm i @vercel/postgres
22 verbose argv "i" "@vercel/postgres"
23 timing npm:load:setTitle Completed in 2ms
24 timing npm:load:display Completed in 1ms
25 verbose logfile logs-max:10 dir:C:\wamp64\www\nextjs-dashboard\AppData\Roaming\npm-cache\_logs\2024-05-21T04_46_07_114Z-
26 verbose logfile C:\wamp64\www\nextjs-dashboard\AppData\Roaming\npm-cache\_logs\2024-05-21T04_46_07_114Z-debug-0.log
27 timing npm:load:logFile Completed in 24ms
28 timing npm:load:timers Completed in 0ms
29 timing npm:load:configScope Completed in 0ms
30 timing npm:load Completed in 98ms
31 timing arborist:ctor Completed in 1ms
32 silly logfile done cleaning log files
33 timing idealTree:init Completed in 487ms
34 timing idealTree:userRequests Completed in 3ms
35 silly idealTree buildDeps
36 silly fetch manifest @vercel/postgres@^0.5.1
37 timing arborist:ctor Completed in 1ms
38 http fetch GET 200 https://registry.npmjs.org/npm 1127ms
39 http fetch GET 200 https://registry.npmjs.org/@vercel%2fpostgres 2345ms (cache miss)
40 silly placeDep ROOT @vercel/postgres@0.5.1 REPLACE for:  want: ^0.5.1
41 timing idealTree:#root Completed in 2381ms
42 timing idealTree:node_modules/@vercel/postgres Completed in 0ms
43 timing idealTree:buildDeps Completed in 2383ms
44 timing idealTree:fixDepFlags Completed in 16ms
45 timing idealTree Completed in 2908ms
46 timing reify:loadTrees Completed in 2913ms
47 timing reify:diffTrees Completed in 51ms
48 silly reify moves {}
49 timing reify:retireShallow Completed in 6ms
50 timing reify:createSparse Completed in 9ms
51 timing reify:loadBundles Completed in 0ms
52 silly audit bulk request {
52 silly audit   '@aashutoshrathi/word-wrap': [ '1.2.6' ],
52 silly audit   '@alloc/quick-lru': [ '5.2.0' ],
52 silly audit   '@ampproject/remapping': [ '2.2.1' ],
52 silly audit   '@babel/code-frame': [ '7.22.13' ],
52 silly audit   'ansi-styles': [ '3.2.1', '4.3.0' ],
52 silly audit   chalk: [ '2.4.2', '4.1.2' ],
52 silly audit   'color-convert': [ '1.9.3', '2.0.1' ],
52 silly audit   'color-name': [ '1.1.3', '1.1.4' ],
52 silly audit   'escape-string-regexp': [ '1.0.5', '4.0.0' ],
52 silly audit   'has-flag': [ '3.0.0', '4.0.0' ],
52 silly audit   'supports-color': [ '5.5.0', '7.2.0' ],
52 silly audit   '@babel/compat-data': [ '7.23.2' ],
52 silly audit   '@babel/core': [ '7.23.2' ],
52 silly audit   json5: [ '2.2.3', '1.0.2' ],
52 silly audit   semver: [ '6.3.1', '5.7.2', '7.5.4' ],
52 silly audit   '@babel/eslint-parser': [ '7.22.15' ],
52 silly audit   'eslint-visitor-keys': [ '2.1.0', '3.4.3' ],
52 silly audit   '@babel/generator': [ '7.23.0' ],
52 silly audit   '@babel/helper-compilation-targets': [ '7.22.15' ],
52 silly audit   'lru-cache': [ '5.1.1', '6.0.0' ],
52 silly audit   yallist: [ '3.1.1', '4.0.0' ],
52 silly audit   '@babel/helper-environment-visitor': [ '7.22.20' ],
52 silly audit   '@babel/helper-function-name': [ '7.23.0' ],
52 silly audit   '@babel/helper-hoist-variables': [ '7.22.5' ],
52 silly audit   '@babel/helper-module-imports': [ '7.22.15' ],
52 silly audit   '@babel/helper-module-transforms': [ '7.23.0' ],
52 silly audit   '@babel/helper-simple-access': [ '7.22.5' ],
52 silly audit   '@babel/helper-split-export-declaration': [ '7.22.6' ],
52 silly audit   '@babel/helper-string-parser': [ '7.22.5' ],
52 silly audit   '@babel/helper-validator-identifier': [ '7.22.20' ],
52 silly audit   '@babel/helper-validator-option': [ '7.22.15' ],
52 silly audit   '@babel/helpers': [ '7.23.2' ],
52 silly audit   '@babel/highlight': [ '7.22.20' ],
52 silly audit   '@babel/parser': [ '7.23.0' ],
52 silly audit   '@babel/runtime': [ '7.23.2' ],
52 silly audit   '@babel/template': [ '7.22.15' ],
52 silly audit   '@babel/traverse': [ '7.23.2' ],
52 silly audit   globals: [ '11.12.0', '13.23.0' ],
52 silly audit   '@babel/types': [ '7.23.0' ],
52 silly audit   '@eslint-community/eslint-utils': [ '4.4.0' ],
52 silly audit   '@eslint-community/regexpp': [ '4.10.0' ],
52 silly audit   '@eslint/eslintrc': [ '2.1.2' ],
52 silly audit   '@eslint/js': [ '8.52.0' ],
52 silly audit   '@heroicons/react': [ '2.0.18' ],
52 silly audit   '@humanwhocodes/config-array': [ '0.11.13' ],
52 silly audit   '@humanwhocodes/module-importer': [ '1.0.1' ],
52 silly audit   '@humanwhocodes/object-schema': [ '2.0.1' ],
52 silly audit   '@jridgewell/gen-mapping': [ '0.3.3' ],
52 silly audit   '@jridgewell/resolve-uri': [ '3.1.1' ],
52 silly audit   '@jridgewell/set-array': [ '1.1.2' ],
52 silly audit   '@jridgewell/sourcemap-codec': [ '1.4.15' ],
52 silly audit   '@jridgewell/trace-mapping': [ '0.3.20' ],
52 silly audit   '@mapbox/node-pre-gyp': [ '1.0.11' ],
52 silly audit   '@microsoft/tsdoc': [ '0.14.2' ],
52 silly audit   '@microsoft/tsdoc-config': [ '0.16.2' ],
52 silly audit   resolve: [ '1.19.0', '2.0.0-next.5', '1.22.8' ],
52 silly audit   '@neondatabase/serverless': [ '0.6.0' ],
52 silly audit   '@next/env': [ '14.2.3' ],
52 silly audit   '@next/eslint-plugin-next': [ '13.5.6', '14.0.0' ],
52 silly audit   glob: [ '7.1.7', '7.1.6' ],
52 silly audit   '@next/swc-darwin-arm64': [ '14.2.3' ],
52 silly audit   '@next/swc-darwin-x64': [ '14.2.3' ],
52 silly audit   '@next/swc-linux-arm64-gnu': [ '14.2.3' ],
52 silly audit   '@next/swc-linux-arm64-musl': [ '14.2.3' ],
52 silly audit   '@next/swc-linux-x64-gnu': [ '14.2.3' ],
52 silly audit   '@next/swc-linux-x64-musl': [ '14.2.3' ],
52 silly audit   '@next/swc-win32-arm64-msvc': [ '14.2.3' ],
52 silly audit   '@next/swc-win32-ia32-msvc': [ '14.2.3' ],
52 silly audit   '@next/swc-win32-x64-msvc': [ '14.2.3' ],
52 silly audit   '@nicolo-ribaudo/eslint-scope-5-internals': [ '5.1.1-v1' ],
52 silly audit   'eslint-scope': [ '5.1.1', '7.2.2' ],
52 silly audit   estraverse: [ '4.3.0', '5.3.0' ],
52 silly audit   '@nodelib/fs.scandir': [ '2.1.5' ],
52 silly audit   '@nodelib/fs.stat': [ '2.0.5' ],
52 silly audit   '@nodelib/fs.walk': [ '1.2.8' ],
52 silly audit   '@pkgr/utils': [ '2.4.2' ],
52 silly audit   '@rushstack/eslint-patch': [ '1.5.1' ],
52 silly audit   '@swc/counter': [ '0.1.3' ],
52 silly audit   '@swc/helpers': [ '0.5.5' ],
52 silly audit   '@tailwindcss/forms': [ '0.5.7' ],
52 silly audit   '@types/bcrypt': [ '5.0.1' ],
52 silly audit   '@types/json-schema': [ '7.0.14' ],
52 silly audit   '@types/json5': [ '0.0.29' ],
52 silly audit   '@types/node': [ '20.5.7' ],
52 silly audit   '@types/normalize-package-data': [ '2.4.3' ],
52 silly audit   '@types/pg': [ '8.6.6' ],
52 silly audit   '@types/prop-types': [ '15.7.9' ],
52 silly audit   '@types/react': [ '18.2.21' ],
52 silly audit   '@types/react-dom': [ '18.2.14' ],
52 silly audit   '@types/scheduler': [ '0.16.5' ],
52 silly audit   '@types/semver': [ '7.5.4' ],
52 silly audit   '@typescript-eslint/eslint-plugin': [ '6.9.1' ],
52 silly audit   '@typescript-eslint/scope-manager': [ '6.9.1', '6.9.0', '5.62.0' ],
52 silly audit   '@typescript-eslint/types': [ '6.9.1', '6.9.0', '5.62.0' ],
52 silly audit   '@typescript-eslint/visitor-keys': [ '6.9.1', '6.9.0', '5.62.0' ],
52 silly audit   '@typescript-eslint/parser': [ '6.9.0' ],
52 silly audit   '@typescript-eslint/type-utils': [ '6.9.1' ],
52 silly audit   '@typescript-eslint/typescript-estree': [ '6.9.1', '6.9.0', '5.62.0' ],
52 silly audit   '@typescript-eslint/utils': [ '6.9.1', '5.62.0' ],
52 silly audit   '@ungap/structured-clone': [ '1.2.0' ],
52 silly audit   '@vercel/style-guide': [ '5.0.1' ],
52 silly audit   abbrev: [ '1.1.1' ],
52 silly audit   acorn: [ '8.11.2' ],
52 silly audit   'acorn-jsx': [ '5.3.2' ],
52 silly audit   'agent-base': [ '6.0.2' ],
52 silly audit   ajv: [ '6.12.6' ],
52 silly audit   'ansi-regex': [ '5.0.1' ],
52 silly audit   'any-promise': [ '1.3.0' ],
52 silly audit   anymatch: [ '3.1.3' ],
52 silly audit   aproba: [ '2.0.0' ],
52 silly audit   'are-we-there-yet': [ '2.0.0' ],
52 silly audit   arg: [ '5.0.2' ],
52 silly audit   argparse: [ '2.0.1' ],
52 silly audit   'aria-query': [ '5.3.0' ],
52 silly audit   'array-buffer-byte-length': [ '1.0.0' ],
52 silly audit   'array-includes': [ '3.1.7' ],
52 silly audit   'array-union': [ '2.1.0' ],
52 silly audit   'array.prototype.findlastindex': [ '1.2.3' ],
52 silly audit   'array.prototype.flat': [ '1.3.2' ],
52 silly audit   'array.prototype.flatmap': [ '1.3.2' ],
52 silly audit   'array.prototype.tosorted': [ '1.1.2' ],
52 silly audit   'arraybuffer.prototype.slice': [ '1.0.2' ],
52 silly audit   'ast-types-flow': [ '0.0.7' ],
52 silly audit   'asynciterator.prototype': [ '1.0.0' ],
52 silly audit   autoprefixer: [ '10.4.15' ],
52 silly audit   'available-typed-arrays': [ '1.0.5' ],
52 silly audit   'axe-core': [ '4.8.2' ],
52 silly audit   'axobject-query': [ '3.2.1' ],
52 silly audit   'balanced-match': [ '1.0.2' ],
52 silly audit   bcrypt: [ '5.1.1' ],
52 silly audit   'big-integer': [ '1.6.51' ],
52 silly audit   'binary-extensions': [ '2.2.0' ],
52 silly audit   'bplist-parser': [ '0.2.0' ],
52 silly audit   'brace-expansion': [ '1.1.11' ],
52 silly audit   braces: [ '3.0.2' ],
52 silly audit   browserslist: [ '4.22.1' ],
52 silly audit   bufferutil: [ '4.0.8' ],
52 silly audit   'builtin-modules': [ '3.3.0' ],
52 silly audit   'bundle-name': [ '3.0.0' ],
52 silly audit   busboy: [ '1.6.0' ],
52 silly audit   'call-bind': [ '1.0.5' ],
52 silly audit   callsites: [ '3.1.0' ],
52 silly audit   'camelcase-css': [ '2.0.1' ],
52 silly audit   'caniuse-lite': [ '1.0.30001620' ],
52 silly audit   chokidar: [ '3.5.3' ],
52 silly audit   'glob-parent': [ '5.1.2', '6.0.2' ],
52 silly audit   chownr: [ '2.0.0' ],
52 silly audit   'ci-info': [ '3.9.0' ],
52 silly audit   'clean-regexp': [ '1.0.0' ],
52 silly audit   'client-only': [ '0.0.1' ],
52 silly audit   clsx: [ '2.0.0' ],
52 silly audit   'color-support': [ '1.1.3' ],
52 silly audit   commander: [ '4.1.1' ],
52 silly audit   'concat-map': [ '0.0.1' ],
52 silly audit   'console-control-strings': [ '1.1.0' ],
52 silly audit   'convert-source-map': [ '2.0.0' ],
52 silly audit   'cross-spawn': [ '7.0.3' ],
52 silly audit   cssesc: [ '3.0.0' ],
52 silly audit   csstype: [ '3.1.2' ],
52 silly audit   'damerau-levenshtein': [ '1.0.8' ],
52 silly audit   debug: [ '4.3.4', '3.2.7' ],
52 silly audit   'deep-is': [ '0.1.4' ],
52 silly audit   'default-browser': [ '4.0.0' ],
52 silly audit   'default-browser-id': [ '3.0.0' ],
52 silly audit   'define-data-property': [ '1.1.1' ],
52 silly audit   'define-lazy-prop': [ '3.0.0' ],
52 silly audit   'define-properties': [ '1.2.1' ],
52 silly audit   delegates: [ '1.0.0' ],
52 silly audit   dequal: [ '2.0.3' ],
52 silly audit   'detect-indent': [ '7.0.1' ],
52 silly audit   'detect-libc': [ '2.0.2' ],
52 silly audit   'detect-newline': [ '4.0.1' ],
52 silly audit   didyoumean: [ '1.2.2' ],
52 silly audit   'dir-glob': [ '3.0.1' ],
52 silly audit   dlv: [ '1.1.3' ],
52 silly audit   doctrine: [ '3.0.0', '2.1.0' ],
52 silly audit   dotenv: [ '16.3.1' ],
52 silly audit   'electron-to-chromium': [ '1.4.567' ],
52 silly audit   'emoji-regex': [ '8.0.0', '9.2.2' ],
52 silly audit   'enhanced-resolve': [ '5.15.0' ],
52 silly audit   'error-ex': [ '1.3.2' ],
52 silly audit   'es-abstract': [ '1.22.3' ],
52 silly audit   'es-iterator-helpers': [ '1.0.15' ],
52 silly audit   'es-set-tostringtag': [ '2.0.2' ],
52 silly audit   'es-shim-unscopables': [ '1.0.2' ],
52 silly audit   'es-to-primitive': [ '1.2.1' ],
52 silly audit   escalade: [ '3.1.1' ],
52 silly audit   eslint: [ '8.52.0' ],
52 silly audit   'eslint-config-next': [ '14.0.0' ],
52 silly audit   'eslint-config-prettier': [ '9.0.0' ],
52 silly audit   'eslint-import-resolver-alias': [ '1.1.2' ],
52 silly audit   'eslint-import-resolver-node': [ '0.3.9' ],
52 silly audit   'eslint-import-resolver-typescript': [ '3.6.1' ],
52 silly audit   'eslint-module-utils': [ '2.8.0' ],
52 silly audit   'eslint-plugin-eslint-comments': [ '3.2.0' ],
52 silly audit   'eslint-plugin-import': [ '2.29.0' ],
52 silly audit   'eslint-plugin-jest': [ '27.6.0' ],
52 silly audit   'eslint-plugin-jsx-a11y': [ '6.7.1' ],
52 silly audit   'eslint-plugin-playwright': [ '0.16.0' ],
52 silly audit   'eslint-plugin-react': [ '7.33.2' ],
52 silly audit   'eslint-plugin-react-hooks': [ '4.6.0' ],
52 silly audit   'eslint-plugin-testing-library': [ '6.1.0' ],
52 silly audit   'eslint-plugin-tsdoc': [ '0.2.17' ],
52 silly audit   'eslint-plugin-unicorn': [ '48.0.1' ],
52 silly audit   jsesc: [ '3.0.2', '2.5.2', '0.5.0' ],
52 silly audit   espree: [ '9.6.1' ],
52 silly audit   esquery: [ '1.5.0' ],
52 silly audit   esrecurse: [ '4.3.0' ],
52 silly audit   esutils: [ '2.0.3' ],
52 silly audit   execa: [ '7.2.0', '5.1.1' ],
52 silly audit   'fast-deep-equal': [ '3.1.3' ],
52 silly audit   'fast-glob': [ '3.3.1' ],
52 silly audit   'fast-json-stable-stringify': [ '2.1.0' ],
52 silly audit   'fast-levenshtein': [ '2.0.6' ],
52 silly audit   fastq: [ '1.15.0' ],
52 silly audit   'file-entry-cache': [ '6.0.1' ],
52 silly audit   'fill-range': [ '7.0.1' ],
52 silly audit   'find-up': [ '5.0.0', '4.1.0' ],
52 silly audit   'flat-cache': [ '3.1.1' ],
52 silly audit   flatted: [ '3.2.9' ],
52 silly audit   'for-each': [ '0.3.3' ],
52 silly audit   'fraction.js': [ '4.3.7' ],
52 silly audit   'fs-minipass': [ '2.1.0' ],
52 silly audit   minipass: [ '3.3.6', '5.0.0' ],
52 silly audit   'fs.realpath': [ '1.0.0' ],
52 silly audit   fsevents: [ '2.3.3' ],
52 silly audit   'function-bind': [ '1.1.2' ],
52 silly audit   'function.prototype.name': [ '1.1.6' ],
52 silly audit   'functions-have-names': [ '1.2.3' ],
52 silly audit   gauge: [ '3.0.2' ],
52 silly audit   gensync: [ '1.0.0-beta.2' ],
52 silly audit   'get-intrinsic': [ '1.2.2' ],
52 silly audit   'get-stdin': [ '9.0.0' ],
52 silly audit   'get-stream': [ '6.0.1' ],
52 silly audit   'get-symbol-description': [ '1.0.0' ],
52 silly audit   'get-tsconfig': [ '4.7.2' ],
52 silly audit   'git-hooks-list': [ '3.1.0' ],
52 silly audit   globalthis: [ '1.0.3' ],
52 silly audit   globby: [ '11.1.0', '13.2.2' ],
52 silly audit   gopd: [ '1.0.1' ],
52 silly audit   'graceful-fs': [ '4.2.11' ],
52 silly audit   graphemer: [ '1.4.0' ],
52 silly audit   has: [ '1.0.4' ],
52 silly audit   'has-bigints': [ '1.0.2' ],
52 silly audit   'has-property-descriptors': [ '1.0.1' ],
52 silly audit   'has-proto': [ '1.0.1' ],
52 silly audit   'has-symbols': [ '1.0.3' ],
52 silly audit   'has-tostringtag': [ '1.0.0' ],
52 silly audit   'has-unicode': [ '2.0.1' ],
52 silly audit   hasown: [ '2.0.0' ],
52 silly audit   'hosted-git-info': [ '2.8.9' ],
52 silly audit   'https-proxy-agent': [ '5.0.1' ],
52 silly audit   'human-signals': [ '4.3.1', '2.1.0' ],
52 silly audit   ignore: [ '5.2.4' ],
52 silly audit   'import-fresh': [ '3.3.0' ],
52 silly audit   imurmurhash: [ '0.1.4' ],
52 silly audit   'indent-string': [ '4.0.0' ],
52 silly audit   inflight: [ '1.0.6' ],
52 silly audit   inherits: [ '2.0.4' ],
52 silly audit   'internal-slot': [ '1.0.6' ],
52 silly audit   'is-array-buffer': [ '3.0.2' ],
52 silly audit   'is-arrayish': [ '0.2.1' ],
52 silly audit   'is-async-function': [ '2.0.0' ],
52 silly audit   'is-bigint': [ '1.0.4' ],
52 silly audit   'is-binary-path': [ '2.1.0' ],
52 silly audit   'is-boolean-object': [ '1.1.2' ],
52 silly audit   'is-builtin-module': [ '3.2.1' ],
52 silly audit   'is-callable': [ '1.2.7' ],
52 silly audit   'is-core-module': [ '2.13.1' ],
52 silly audit   'is-date-object': [ '1.0.5' ],
52 silly audit   'is-docker': [ '3.0.0', '2.2.1' ],
52 silly audit   'is-extglob': [ '2.1.1' ],
52 silly audit   'is-finalizationregistry': [ '1.0.2' ],
52 silly audit   'is-fullwidth-code-point': [ '3.0.0' ],
52 silly audit   'is-generator-function': [ '1.0.10' ],
52 silly audit   'is-glob': [ '4.0.3' ],
52 silly audit   'is-inside-container': [ '1.0.0' ],
52 silly audit   'is-map': [ '2.0.2' ],
52 silly audit   'is-negative-zero': [ '2.0.2' ],
52 silly audit   'is-number': [ '7.0.0' ],
52 silly audit   'is-number-object': [ '1.0.7' ],
52 silly audit   'is-path-inside': [ '3.0.3' ],
52 silly audit   'is-plain-obj': [ '4.1.0' ],
52 silly audit   'is-regex': [ '1.1.4' ],
52 silly audit   'is-set': [ '2.0.2' ],
52 silly audit   'is-shared-array-buffer': [ '1.0.2' ],
52 silly audit   'is-stream': [ '3.0.0', '2.0.1' ],
52 silly audit   'is-string': [ '1.0.7' ],
52 silly audit   'is-symbol': [ '1.0.4' ],
52 silly audit   'is-typed-array': [ '1.1.12' ],
52 silly audit   'is-weakmap': [ '2.0.1' ],
52 silly audit   'is-weakref': [ '1.0.2' ],
52 silly audit   'is-weakset': [ '2.0.2' ],
52 silly audit   'is-wsl': [ '2.2.0' ],
52 silly audit   isarray: [ '2.0.5' ],
52 silly audit   isexe: [ '2.0.0' ],
52 silly audit   'iterator.prototype': [ '1.1.2' ],
52 silly audit   jiti: [ '1.20.0' ],
52 silly audit   jju: [ '1.4.0' ],
52 silly audit   'js-tokens': [ '4.0.0' ],
52 silly audit   'js-yaml': [ '4.1.0' ],
52 silly audit   'json-buffer': [ '3.0.1' ],
52 silly audit   'json-parse-even-better-errors': [ '2.3.1' ],
52 silly audit   'json-schema-traverse': [ '0.4.1' ],
52 silly audit   'json-stable-stringify-without-jsonify': [ '1.0.1' ],
52 silly audit   'jsx-ast-utils': [ '3.3.5' ],
52 silly audit   keyv: [ '4.5.4' ],
52 silly audit   'language-subtag-registry': [ '0.3.22' ],
52 silly audit   'language-tags': [ '1.0.5' ],
52 silly audit   levn: [ '0.4.1' ],
52 silly audit   lilconfig: [ '2.1.0' ],
52 silly audit   'lines-and-columns': [ '1.2.4' ],
52 silly audit   'locate-path': [ '6.0.0', '5.0.0' ],
52 silly audit   lodash: [ '4.17.21' ],
52 silly audit   'lodash.merge': [ '4.6.2' ],
52 silly audit   'loose-envify': [ '1.4.0' ],
52 silly audit   'make-dir': [ '3.1.0' ],
52 silly audit   'merge-stream': [ '2.0.0' ],
52 silly audit   merge2: [ '1.4.1' ],
52 silly audit   micromatch: [ '4.0.5' ],
52 silly audit   'mimic-fn': [ '4.0.0', '2.1.0' ],
52 silly audit   'min-indent': [ '1.0.1' ],
52 silly audit   'mini-svg-data-uri': [ '1.4.4' ],
52 silly audit   minimatch: [ '3.1.2' ],
52 silly audit   minimist: [ '1.2.8' ],
52 silly audit   minizlib: [ '2.1.2' ],
52 silly audit   mkdirp: [ '1.0.4' ],
52 silly audit   ms: [ '2.1.2' ],
52 silly audit   mz: [ '2.7.0' ],
52 silly audit   nanoid: [ '3.3.6' ],
52 silly audit   'natural-compare': [ '1.4.0' ],
52 silly audit   next: [ '14.2.3' ],
52 silly audit   'node-addon-api': [ '5.1.0' ],
52 silly audit   'node-fetch': [ '2.7.0' ],
52 silly audit   'node-gyp-build': [ '4.6.1' ],
52 silly audit   'node-releases': [ '2.0.13' ],
52 silly audit   nopt: [ '5.0.0' ],
52 silly audit   'normalize-package-data': [ '2.5.0' ],
52 silly audit   'normalize-path': [ '3.0.0' ],
52 silly audit   'normalize-range': [ '0.1.2' ],
52 silly audit   'npm-run-path': [ '5.1.0', '4.0.1' ],
52 silly audit   'path-key': [ '4.0.0', '3.1.1' ],
52 silly audit   npmlog: [ '5.0.1' ],
52 silly audit   'object-assign': [ '4.1.1' ],
52 silly audit   'object-hash': [ '3.0.0' ],
52 silly audit   'object-inspect': [ '1.13.1' ],
52 silly audit   'object-keys': [ '1.1.1' ],
52 silly audit   'object.assign': [ '4.1.4' ],
52 silly audit   'object.entries': [ '1.1.7' ],
52 silly audit   'object.fromentries': [ '2.0.7' ],
52 silly audit   'object.groupby': [ '1.0.1' ],
52 silly audit   'object.hasown': [ '1.1.3' ],
52 silly audit   'object.values': [ '1.1.7' ],
52 silly audit   once: [ '1.4.0' ],
52 silly audit   onetime: [ '6.0.0', '5.1.2' ],
52 silly audit   open: [ '9.1.0' ],
52 silly audit   optionator: [ '0.9.3' ],
52 silly audit   'p-limit': [ '3.1.0', '2.3.0' ],
52 silly audit   'p-locate': [ '5.0.0', '4.1.0' ],
52 silly audit   'p-try': [ '2.2.0' ],
52 silly audit   'parent-module': [ '1.0.1' ],
52 silly audit   'parse-json': [ '5.2.0' ],
52 silly audit   'path-exists': [ '4.0.0' ],
52 silly audit   'path-is-absolute': [ '1.0.1' ],
52 silly audit   'path-parse': [ '1.0.7' ],
52 silly audit   'path-type': [ '4.0.0' ],
52 silly audit   'pg-int8': [ '1.0.1' ],
52 silly audit   'pg-protocol': [ '1.6.0' ],
52 silly audit   'pg-types': [ '2.2.0' ],
52 silly audit   picocolors: [ '1.0.0' ],
52 silly audit   picomatch: [ '2.3.1' ],
52 silly audit   pify: [ '2.3.0' ],
52 silly audit   pirates: [ '4.0.6' ],
52 silly audit   pluralize: [ '8.0.0' ],
52 silly audit   postcss: [ '8.4.31' ],
52 silly audit   'postcss-import': [ '15.1.0' ],
52 silly audit   'postcss-js': [ '4.0.1' ],
52 silly audit   'postcss-load-config': [ '4.0.1' ],
52 silly audit   'postcss-nested': [ '6.0.1' ],
52 silly audit   'postcss-selector-parser': [ '6.0.13' ],
52 silly audit   'postcss-value-parser': [ '4.2.0' ],
52 silly audit   'postgres-array': [ '2.0.0' ],
52 silly audit   'postgres-bytea': [ '1.0.0' ],
52 silly audit   'postgres-date': [ '1.0.7' ],
52 silly audit   'postgres-interval': [ '1.2.0' ],
52 silly audit   'prelude-ls': [ '1.2.1' ],
52 silly audit   prettier: [ '3.0.3' ],
52 silly audit   'prettier-plugin-packagejson': [ '2.4.6' ],
52 silly audit   'prettier-plugin-tailwindcss': [ '0.5.4' ],
52 silly audit   'prop-types': [ '15.8.1' ],
52 silly audit   punycode: [ '2.3.0' ],
52 silly audit   'queue-microtask': [ '1.2.3' ],
52 silly audit   react: [ '18.2.0' ],
52 silly audit   'react-dom': [ '18.2.0' ],
52 silly audit   'react-is': [ '16.13.1' ],
52 silly audit   'read-cache': [ '1.0.0' ],
52 silly audit   'read-pkg': [ '5.2.0' ],
52 silly audit   'read-pkg-up': [ '7.0.1' ],
52 silly audit   'type-fest': [ '0.8.1', '0.6.0', '0.20.2' ],
52 silly audit   'readable-stream': [ '3.6.2' ],
52 silly audit   readdirp: [ '3.6.0' ],
52 silly audit   'reflect.getprototypeof': [ '1.0.4' ],
52 silly audit   'regenerator-runtime': [ '0.14.0' ],
52 silly audit   'regexp-tree': [ '0.1.27' ],
52 silly audit   'regexp.prototype.flags': [ '1.5.1' ],
52 silly audit   regjsparser: [ '0.10.0' ],
52 silly audit   'resolve-from': [ '4.0.0' ],
52 silly audit   'resolve-pkg-maps': [ '1.0.0' ],
52 silly audit   reusify: [ '1.0.4' ],
52 silly audit   rimraf: [ '3.0.2' ],
52 silly audit   'run-applescript': [ '5.0.0' ],
52 silly audit   'strip-final-newline': [ '2.0.0', '3.0.0' ],
52 silly audit   'run-parallel': [ '1.2.0' ],
52 silly audit   'safe-array-concat': [ '1.0.1' ],
52 silly audit   'safe-buffer': [ '5.2.1' ],
52 silly audit   'safe-regex-test': [ '1.0.0' ],
52 silly audit   scheduler: [ '0.23.0' ],
52 silly audit   'set-blocking': [ '2.0.0' ],
52 silly audit   'set-function-length': [ '1.1.1' ],
52 silly audit   'set-function-name': [ '2.0.1' ],
52 silly audit   'shebang-command': [ '2.0.0' ],
52 silly audit   'shebang-regex': [ '3.0.0' ],
52 silly audit   'side-channel': [ '1.0.4' ],
52 silly audit   'signal-exit': [ '3.0.7' ],
52 silly audit   slash: [ '3.0.0', '4.0.0' ],
52 silly audit   'sort-object-keys': [ '1.1.3' ],
52 silly audit   'sort-package-json': [ '2.6.0' ],
52 silly audit   'source-map-js': [ '1.0.2' ],
52 silly audit   'spdx-correct': [ '3.2.0' ],
52 silly audit   'spdx-exceptions': [ '2.3.0' ],
52 silly audit   'spdx-expression-parse': [ '3.0.1' ],
52 silly audit   'spdx-license-ids': [ '3.0.16' ],
52 silly audit   streamsearch: [ '1.1.0' ],
52 silly audit   string_decoder: [ '1.3.0' ],
52 silly audit   'string-width': [ '4.2.3' ],
52 silly audit   'string.prototype.matchall': [ '4.0.10' ],
52 silly audit   'string.prototype.trim': [ '1.2.8' ],
52 silly audit   'string.prototype.trimend': [ '1.0.7' ],
52 silly audit   'string.prototype.trimstart': [ '1.0.7' ],
52 silly audit   'strip-ansi': [ '6.0.1' ],
52 silly audit   'strip-bom': [ '3.0.0' ],
52 silly audit   'strip-indent': [ '3.0.0' ],
52 silly audit   'strip-json-comments': [ '3.1.1' ],
52 silly audit   'styled-jsx': [ '5.1.1' ],
52 silly audit   sucrase: [ '3.34.0' ],
52 silly audit   'supports-preserve-symlinks-flag': [ '1.0.0' ],
52 silly audit   synckit: [ '0.8.5' ],
52 silly audit   tailwindcss: [ '3.3.3' ],
52 silly audit   tapable: [ '2.2.1' ],
52 silly audit   tar: [ '6.2.1' ],
52 silly audit   'text-table': [ '0.2.0' ],
52 silly audit   thenify: [ '3.3.1' ],
52 silly audit   'thenify-all': [ '1.6.0' ],
52 silly audit   titleize: [ '3.0.0' ],
52 silly audit   'to-fast-properties': [ '2.0.0' ],
52 silly audit   'to-regex-range': [ '5.0.1' ],
52 silly audit   tr46: [ '0.0.3' ],
52 silly audit   'ts-api-utils': [ '1.0.3' ],
52 silly audit   'ts-interface-checker': [ '0.1.13' ],
52 silly audit   'tsconfig-paths': [ '3.14.2' ],
52 silly audit   tslib: [ '2.6.2', '1.14.1' ],
52 silly audit   tsutils: [ '3.21.0' ],
52 silly audit   'type-check': [ '0.4.0' ],
52 silly audit   'typed-array-buffer': [ '1.0.0' ],
52 silly audit   'typed-array-byte-length': [ '1.0.0' ],
52 silly audit   'typed-array-byte-offset': [ '1.0.0' ],
52 silly audit   'typed-array-length': [ '1.0.4' ],
52 silly audit   typescript: [ '5.2.2' ],
52 silly audit   'unbox-primitive': [ '1.0.2' ],
52 silly audit   untildify: [ '4.0.0' ],
52 silly audit   'update-browserslist-db': [ '1.0.13' ],
52 silly audit   'uri-js': [ '4.4.1' ],
52 silly audit   'utf-8-validate': [ '6.0.3' ],
52 silly audit   'util-deprecate': [ '1.0.2' ],
52 silly audit   'validate-npm-package-license': [ '3.0.4' ],
52 silly audit   'webidl-conversions': [ '3.0.1' ],
52 silly audit   'whatwg-url': [ '5.0.0' ],
52 silly audit   which: [ '2.0.2' ],
52 silly audit   'which-boxed-primitive': [ '1.0.2' ],
52 silly audit   'which-builtin-type': [ '1.1.3' ],
52 silly audit   'which-collection': [ '1.0.1' ],
52 silly audit   'which-typed-array': [ '1.1.13' ],
52 silly audit   'wide-align': [ '1.1.5' ],
52 silly audit   wrappy: [ '1.0.2' ],
52 silly audit   ws: [ '8.14.2' ],
52 silly audit   xtend: [ '4.0.2' ],
52 silly audit   yaml: [ '2.3.3' ],
52 silly audit   'yocto-queue': [ '0.1.0' ],
52 silly audit   zod: [ '3.22.4' ],
52 silly audit   '@vercel/postgres': [ '0.5.1' ]
52 silly audit }
53 verbose reify failed optional dependency C:\wamp64\www\nextjs-dashboard\node_modules\fsevents
54 silly reify mark deleted [ 'C:\\wamp64\\www\\nextjs-dashboard\\node_modules\\fsevents' ]
55 verbose reify failed optional dependency C:\wamp64\www\nextjs-dashboard\node_modules\@next\swc-win32-ia32-msvc
56 silly reify mark deleted [
56 silly reify   'C:\\wamp64\\www\\nextjs-dashboard\\node_modules\\@next\\swc-win32-ia32-msvc'
56 silly reify ]
57 verbose reify failed optional dependency C:\wamp64\www\nextjs-dashboard\node_modules\@next\swc-win32-arm64-msvc
58 silly reify mark deleted [
58 silly reify   'C:\\wamp64\\www\\nextjs-dashboard\\node_modules\\@next\\swc-win32-arm64-msvc'
58 silly reify ]
59 verbose reify failed optional dependency C:\wamp64\www\nextjs-dashboard\node_modules\@next\swc-linux-x64-musl
60 silly reify mark deleted [
60 silly reify   'C:\\wamp64\\www\\nextjs-dashboard\\node_modules\\@next\\swc-linux-x64-musl'
60 silly reify ]
61 verbose reify failed optional dependency C:\wamp64\www\nextjs-dashboard\node_modules\@next\swc-linux-x64-gnu
62 silly reify mark deleted [
62 silly reify   'C:\\wamp64\\www\\nextjs-dashboard\\node_modules\\@next\\swc-linux-x64-gnu'
62 silly reify ]
63 verbose reify failed optional dependency C:\wamp64\www\nextjs-dashboard\node_modules\@next\swc-linux-arm64-musl
64 silly reify mark deleted [
64 silly reify   'C:\\wamp64\\www\\nextjs-dashboard\\node_modules\\@next\\swc-linux-arm64-musl'
64 silly reify ]
65 verbose reify failed optional dependency C:\wamp64\www\nextjs-dashboard\node_modules\@next\swc-linux-arm64-gnu
66 silly reify mark deleted [
66 silly reify   'C:\\wamp64\\www\\nextjs-dashboard\\node_modules\\@next\\swc-linux-arm64-gnu'
66 silly reify ]
67 verbose reify failed optional dependency C:\wamp64\www\nextjs-dashboard\node_modules\@next\swc-darwin-x64
68 silly reify mark deleted [
68 silly reify   'C:\\wamp64\\www\\nextjs-dashboard\\node_modules\\@next\\swc-darwin-x64'
68 silly reify ]
69 verbose reify failed optional dependency C:\wamp64\www\nextjs-dashboard\node_modules\@next\swc-darwin-arm64
70 silly reify mark deleted [
70 silly reify   'C:\\wamp64\\www\\nextjs-dashboard\\node_modules\\@next\\swc-darwin-arm64'
70 silly reify ]
71 timing reifyNode:node_modules/fsevents Completed in 16ms
72 timing reifyNode:node_modules/@next/swc-win32-ia32-msvc Completed in 16ms
73 timing reifyNode:node_modules/@next/swc-win32-arm64-msvc Completed in 16ms
74 timing reifyNode:node_modules/@next/swc-linux-x64-musl Completed in 15ms
75 timing reifyNode:node_modules/@next/swc-linux-x64-gnu Completed in 15ms
76 timing reifyNode:node_modules/@next/swc-linux-arm64-musl Completed in 15ms
77 timing reifyNode:node_modules/@next/swc-linux-arm64-gnu Completed in 15ms
78 timing reifyNode:node_modules/@next/swc-darwin-x64 Completed in 14ms
79 timing reifyNode:node_modules/@next/swc-darwin-arm64 Completed in 15ms
80 timing reify:unpack Completed in 19ms
81 timing reify:unretire Completed in 1ms
82 timing build:queue Completed in 10ms
83 timing build:deps Completed in 11ms
84 timing build Completed in 13ms
85 timing reify:build Completed in 15ms
86 timing reify:trash Completed in 10ms
87 timing reify:save Completed in 606ms
88 http fetch POST 200 https://registry.npmjs.org/-/npm/v1/security/advisories/bulk 2208ms
89 timing auditReport:getReport Completed in 2241ms
90 silly audit report {}
91 timing auditReport:init Completed in 0ms
92 timing reify:audit Completed in 2249ms
93 timing reify Completed in 5372ms
94 silly ADD
95 silly ADD
96 silly ADD
97 silly ADD
98 silly ADD
99 silly ADD
100 silly ADD
101 silly ADD
102 silly ADD
103 timing command:i Completed in 5404ms
104 notice
104 notice New [33mminor[39m version of npm available! [31m10.5.0[39m -> [32m10.8.0[39m
104 notice Changelog: [36mhttps://github.com/npm/cli/releases/tag/v10.8.0[39m
104 notice Run [32mnpm install -g npm@10.8.0[39m to update!
104 notice
105 verbose exit 0
106 timing npm Completed in 6271ms
107 info ok
